Active-HDL 13.0.376.8320 2023-10-29 14:53:34

Elaboration top modules:
Architecture                  Behavioral(ALU_TB)


-------------------------------------------------------------------------------------------
Entity   | Architecture | Library | Info | Compiler Version          | Compilation Options
-------------------------------------------------------------------------------------------
ALU_TB   | Behavioral   | proj    |      | 13.0.376.8320 (Windows64) | -O3
ALU      | Behavioral   | proj    |      | 13.0.376.8320 (Windows64) | -O3
-------------------------------------------------------------------------------------------

-------------------------------------------------------------------------------------------
VHDL Package            | Library | Info | Compiler Version          | Compilation Options
-------------------------------------------------------------------------------------------
standard                | std     |      |                           | <unavailable>
TEXTIO                  | std     |      | 13.0.376.8320 (Windows64) |  -2019
std_logic_1164          | ieee    |      | 13.0.376.8320 (Windows64) |  -2008
NUMERIC_STD             | ieee    |      | 13.0.376.8320 (Windows64) |  -2008
-------------------------------------------------------------------------------------------

-------------------------------------------------------------------------------------------
Library                 | Comment
-------------------------------------------------------------------------------------------
ieee                    | Standard IEEE packages library
proj                    | None
std                     | Standard VHDL library
-------------------------------------------------------------------------------------------
